<?xml version="1.0" encoding="UTF-8"?>
<!-- Generated by org.testng.reporters.JUnitXMLReporter -->
<testsuite ignored="0" hostname="DESKTOP-KQKHIC5" failures="0" tests="4" name="Test" time="54.048" errors="0" timestamp="2024-08-08T16:00:32 IST">
  <testcase classname="testcases.Loginpagetest" name="Tc_001" time="1.665"/>
  <testcase classname="testcases.Loginpagetest" name="Tc_002" time="0.847"/>
  <testcase classname="testcases.Loginpagetest" name="Tc_003" time="0.787"/>
  <testcase classname="testcases.HomepageTest" name="Tc_001" time="13.913"/>
</testsuite> <!-- Test -->
