<?xml version="1.0" encoding="UTF-8"?>
<testng-results ignored="0" total="4" passed="4" failed="0" skipped="0">
  <reporter-output>
  </reporter-output>
  <suite started-at="2024-08-08T15:59:38 IST" name="Suite" finished-at="2024-08-08T16:00:32 IST" duration-ms="54048">
    <groups>
    </groups>
    <test started-at="2024-08-08T15:59:38 IST" name="Test" finished-at="2024-08-08T16:00:32 IST" duration-ms="54048">
      <class name="testcases.Loginpagetest">
        <test-method is-config="true" signature="openBrowser()[pri:0, instance:testcases.Loginpagetest@5b1669c0]" started-at="2024-08-08T15:59:38 IST" name="openBrowser" finished-at="2024-08-08T15:59:50 IST" duration-ms="11708" status="PASS">
          <reporter-output>
          </reporter-output>
        </test-method> <!-- openBrowser -->
        <test-method signature="Tc_001()[pri:0, instance:testcases.Loginpagetest@5b1669c0]" started-at="2024-08-08T15:59:50 IST" name="Tc_001" finished-at="2024-08-08T15:59:52 IST" duration-ms="1665" status="PASS">
          <reporter-output>
          </reporter-output>
        </test-method> <!-- Tc_001 -->
        <test-method is-config="true" signature="tearDown()[pri:0, instance:testcases.Loginpagetest@5b1669c0]" started-at="2024-08-08T15:59:52 IST" name="tearDown" finished-at="2024-08-08T15:59:53 IST" duration-ms="718" status="PASS">
          <reporter-output>
          </reporter-output>
        </test-method> <!-- tearDown -->
        <test-method is-config="true" signature="openBrowser()[pri:0, instance:testcases.Loginpagetest@5b1669c0]" started-at="2024-08-08T15:59:53 IST" name="openBrowser" finished-at="2024-08-08T16:00:02 IST" duration-ms="8976" status="PASS">
          <reporter-output>
          </reporter-output>
        </test-method> <!-- openBrowser -->
        <test-method signature="Tc_002()[pri:1, instance:testcases.Loginpagetest@5b1669c0]" started-at="2024-08-08T16:00:02 IST" name="Tc_002" finished-at="2024-08-08T16:00:02 IST" duration-ms="847" status="PASS">
          <reporter-output>
          </reporter-output>
        </test-method> <!-- Tc_002 -->
        <test-method is-config="true" signature="tearDown()[pri:0, instance:testcases.Loginpagetest@5b1669c0]" started-at="2024-08-08T16:00:02 IST" name="tearDown" finished-at="2024-08-08T16:00:03 IST" duration-ms="707" status="PASS">
          <reporter-output>
          </reporter-output>
        </test-method> <!-- tearDown -->
        <test-method is-config="true" signature="openBrowser()[pri:0, instance:testcases.Loginpagetest@5b1669c0]" started-at="2024-08-08T16:00:03 IST" name="openBrowser" finished-at="2024-08-08T16:00:10 IST" duration-ms="6631" status="PASS">
          <reporter-output>
          </reporter-output>
        </test-method> <!-- openBrowser -->
        <test-method signature="Tc_003()[pri:2, instance:testcases.Loginpagetest@5b1669c0]" started-at="2024-08-08T16:00:10 IST" name="Tc_003" finished-at="2024-08-08T16:00:11 IST" duration-ms="787" status="PASS">
          <reporter-output>
          </reporter-output>
        </test-method> <!-- Tc_003 -->
        <test-method is-config="true" signature="tearDown()[pri:0, instance:testcases.Loginpagetest@5b1669c0]" started-at="2024-08-08T16:00:11 IST" name="tearDown" finished-at="2024-08-08T16:00:11 IST" duration-ms="599" status="PASS">
          <reporter-output>
          </reporter-output>
        </test-method> <!-- tearDown -->
      </class> <!-- testcases.Loginpagetest -->
      <class name="testcases.HomepageTest">
        <test-method is-config="true" signature="openBrowser()[pri:0, instance:testcases.HomepageTest@2cb4893b]" started-at="2024-08-08T16:00:11 IST" name="openBrowser" finished-at="2024-08-08T16:00:18 IST" duration-ms="6445" status="PASS">
          <reporter-output>
          </reporter-output>
        </test-method> <!-- openBrowser -->
        <test-method signature="Tc_001()[pri:0, instance:testcases.HomepageTest@2cb4893b]" started-at="2024-08-08T16:00:18 IST" name="Tc_001" finished-at="2024-08-08T16:00:31 IST" duration-ms="13913" status="PASS">
          <reporter-output>
          </reporter-output>
        </test-method> <!-- Tc_001 -->
        <test-method is-config="true" signature="tearDown()[pri:0, instance:testcases.HomepageTest@2cb4893b]" started-at="2024-08-08T16:00:31 IST" name="tearDown" finished-at="2024-08-08T16:00:32 IST" duration-ms="828" status="PASS">
          <reporter-output>
          </reporter-output>
        </test-method> <!-- tearDown -->
      </class> <!-- testcases.HomepageTest -->
    </test> <!-- Test -->
  </suite> <!-- Suite -->
</testng-results>
